2023-09-20T20:10:25.717+05:30  INFO 20144 --- [restartedMain] c.n.NaishaAirlinesApplication            : Starting NaishaAirlinesApplication using Java 17.0.6 with PID 20144 (D:\Full Stack Web Development\Naisha Airlines\Naisha-Airlines\Naisha Airlines - Backend\Naisha_Airlines\target\classes started by nmoha in D:\Full Stack Web Development\Naisha Airlines\Naisha-Airlines\Naisha Airlines - Backend\Naisha_Airlines)
2023-09-20T20:10:25.730+05:30  INFO 20144 --- [restartedMain] c.n.NaishaAirlinesApplication            : No active profile set, falling back to 1 default profile: "default"
2023-09-20T20:10:25.854+05:30  INFO 20144 --- [restartedMain] .e.DevToolsPropertyDefaultsPostProcessor : Devtools property defaults active! Set 'spring.devtools.add-properties' to 'false' to disable
2023-09-20T20:10:25.855+05:30  INFO 20144 --- [restartedMain] .e.DevToolsPropertyDefaultsPostProcessor : For additional web related logging consider setting the 'logging.level.web' property to 'DEBUG'
2023-09-20T20:10:27.637+05:30  INFO 20144 --- [restartedMain] .s.d.r.c.RepositoryConfigurationDelegate : Bootstrapping Spring Data JPA repositories in DEFAULT mode.
2023-09-20T20:10:27.842+05:30  INFO 20144 --- [restartedMain] .s.d.r.c.RepositoryConfigurationDelegate : Finished Spring Data repository scanning in 192 ms. Found 10 JPA repository interfaces.
2023-09-20T20:10:28.961+05:30  INFO 20144 --- [restartedMain] o.s.b.w.embedded.tomcat.TomcatWebServer  : Tomcat initialized with port(s): 8088 (http)
2023-09-20T20:10:28.981+05:30  INFO 20144 --- [restartedMain] o.apache.catalina.core.StandardService   : Starting service [Tomcat]
2023-09-20T20:10:28.982+05:30  INFO 20144 --- [restartedMain] o.apache.catalina.core.StandardEngine    : Starting Servlet engine: [Apache Tomcat/10.1.11]
2023-09-20T20:10:29.151+05:30  INFO 20144 --- [restartedMain] o.a.c.c.C.[Tomcat].[localhost].[/]       : Initializing Spring embedded WebApplicationContext
2023-09-20T20:10:29.152+05:30  INFO 20144 --- [restartedMain] w.s.c.ServletWebServerApplicationContext : Root WebApplicationContext: initialization completed in 3296 ms
2023-09-20T20:10:29.534+05:30  INFO 20144 --- [restartedMain] o.hibernate.jpa.internal.util.LogHelper  : HHH000204: Processing PersistenceUnitInfo [name: default]
2023-09-20T20:10:29.623+05:30  INFO 20144 --- [restartedMain] org.hibernate.Version                    : HHH000412: Hibernate ORM core version 6.2.6.Final
2023-09-20T20:10:29.627+05:30  INFO 20144 --- [restartedMain] org.hibernate.cfg.Environment            : HHH000406: Using bytecode reflection optimizer
2023-09-20T20:10:29.826+05:30  INFO 20144 --- [restartedMain] o.h.b.i.BytecodeProviderInitiator        : HHH000021: Bytecode provider name : bytebuddy
2023-09-20T20:10:30.042+05:30  INFO 20144 --- [restartedMain] o.s.o.j.p.SpringPersistenceUnitInfo      : No LoadTimeWeaver setup: ignoring JPA class transformer
2023-09-20T20:10:30.069+05:30  INFO 20144 --- [restartedMain] com.zaxxer.hikari.HikariDataSource       : HikariPool-1 - Starting...
2023-09-20T20:10:30.643+05:30  INFO 20144 --- [restartedMain] com.zaxxer.hikari.pool.HikariPool        : HikariPool-1 - Added connection com.mysql.cj.jdbc.ConnectionImpl@5d5bba8b
2023-09-20T20:10:30.645+05:30  INFO 20144 --- [restartedMain] com.zaxxer.hikari.HikariDataSource       : HikariPool-1 - Start completed.
2023-09-20T20:10:31.255+05:30  INFO 20144 --- [restartedMain] o.h.b.i.BytecodeProviderInitiator        : HHH000021: Bytecode provider name : bytebuddy
2023-09-20T20:10:33.119+05:30  INFO 20144 --- [restartedMain] o.h.e.t.j.p.i.JtaPlatformInitiator       : HHH000490: Using JtaPlatform implementation: [org.hibernate.engine.transaction.jta.platform.internal.NoJtaPlatform]
2023-09-20T20:10:33.764+05:30  INFO 20144 --- [restartedMain] j.LocalContainerEntityManagerFactoryBean : Initialized JPA EntityManagerFactory for persistence unit 'default'
2023-09-20T20:10:35.061+05:30  WARN 20144 --- [restartedMain] JpaBaseConfiguration$JpaWebConfiguration : spring.jpa.open-in-view is enabled by default. Therefore, database queries may be performed during view rendering. Explicitly configure spring.jpa.open-in-view to disable this warning
2023-09-20T20:10:35.687+05:30  INFO 20144 --- [restartedMain] o.s.s.web.DefaultSecurityFilterChain     : Will secure any request with [org.springframework.security.web.session.DisableEncodeUrlFilter@11687859, org.springframework.security.web.context.request.async.WebAsyncManagerIntegrationFilter@5d116cca, org.springframework.security.web.context.SecurityContextHolderFilter@365d12f4, org.springframework.security.web.header.HeaderWriterFilter@5eb21605, org.springframework.web.filter.CorsFilter@22cc255e, org.springframework.security.web.authentication.logout.LogoutFilter@5820517f, com.naishaairlines.utilities.JwtTokenValidator@69789a12, org.springframework.security.web.authentication.www.BasicAuthenticationFilter@269cb9d, com.naishaairlines.utilities.JwtTokenGenerator@3b808dd4, org.springframework.security.web.savedrequest.RequestCacheAwareFilter@77eeb1c4, org.springframework.security.web.servletapi.SecurityContextHolderAwareRequestFilter@44684320, org.springframework.security.web.authentication.AnonymousAuthenticationFilter@6d21c152, org.springframework.security.web.session.SessionManagementFilter@4ce237c1, org.springframework.security.web.access.ExceptionTranslationFilter@5343fd7b, org.springframework.security.web.access.intercept.AuthorizationFilter@7db66847]
2023-09-20T20:10:36.521+05:30  INFO 20144 --- [restartedMain] o.s.b.d.a.OptionalLiveReloadServer       : LiveReload server is running on port 35729
2023-09-20T20:10:36.619+05:30  INFO 20144 --- [restartedMain] o.s.b.w.embedded.tomcat.TomcatWebServer  : Tomcat started on port(s): 8088 (http) with context path ''
2023-09-20T20:10:36.635+05:30  INFO 20144 --- [restartedMain] c.n.NaishaAirlinesApplication            : Started NaishaAirlinesApplication in 11.807 seconds (process running for 13.381)
2023-09-20T20:11:01.456+05:30  INFO 20144 --- [http-nio-8088-exec-1] o.a.c.c.C.[Tomcat].[localhost].[/]       : Initializing Spring DispatcherServlet 'dispatcherServlet'
2023-09-20T20:11:01.456+05:30  INFO 20144 --- [http-nio-8088-exec-1] o.s.web.servlet.DispatcherServlet        : Initializing Servlet 'dispatcherServlet'
2023-09-20T20:11:01.460+05:30  INFO 20144 --- [http-nio-8088-exec-1] o.s.web.servlet.DispatcherServlet        : Completed initialization in 3 ms
2023-09-20T20:11:01.478+05:30 DEBUG 20144 --- [http-nio-8088-exec-1] o.s.security.web.FilterChainProxy        : Securing GET /swagger-ui/index.html
2023-09-20T20:11:01.495+05:30 DEBUG 20144 --- [http-nio-8088-exec-1] o.s.s.w.a.AnonymousAuthenticationFilter  : Set SecurityContextHolder to anonymous SecurityContext
2023-09-20T20:11:01.515+05:30 DEBUG 20144 --- [http-nio-8088-exec-1] o.s.security.web.FilterChainProxy        : Secured GET /swagger-ui/index.html
2023-09-20T20:11:01.662+05:30 DEBUG 20144 --- [http-nio-8088-exec-2] o.s.security.web.FilterChainProxy        : Securing GET /swagger-ui/swagger-ui.css
2023-09-20T20:11:01.663+05:30 DEBUG 20144 --- [http-nio-8088-exec-2] o.s.s.w.a.AnonymousAuthenticationFilter  : Set SecurityContextHolder to anonymous SecurityContext
2023-09-20T20:11:01.668+05:30 DEBUG 20144 --- [http-nio-8088-exec-2] o.s.security.web.FilterChainProxy        : Secured GET /swagger-ui/swagger-ui.css
2023-09-20T20:11:01.707+05:30 DEBUG 20144 --- [http-nio-8088-exec-3] o.s.security.web.FilterChainProxy        : Securing GET /swagger-ui/index.css
2023-09-20T20:11:01.709+05:30 DEBUG 20144 --- [http-nio-8088-exec-3] o.s.s.w.a.AnonymousAuthenticationFilter  : Set SecurityContextHolder to anonymous SecurityContext
2023-09-20T20:11:01.709+05:30 DEBUG 20144 --- [http-nio-8088-exec-4] o.s.security.web.FilterChainProxy        : Securing GET /swagger-ui/swagger-ui-bundle.js
2023-09-20T20:11:01.710+05:30 DEBUG 20144 --- [http-nio-8088-exec-4] o.s.s.w.a.AnonymousAuthenticationFilter  : Set SecurityContextHolder to anonymous SecurityContext
2023-09-20T20:11:01.710+05:30 DEBUG 20144 --- [http-nio-8088-exec-5] o.s.security.web.FilterChainProxy        : Securing GET /swagger-ui/swagger-ui-standalone-preset.js
2023-09-20T20:11:01.711+05:30 DEBUG 20144 --- [http-nio-8088-exec-3] o.s.security.web.FilterChainProxy        : Secured GET /swagger-ui/index.css
2023-09-20T20:11:01.711+05:30 DEBUG 20144 --- [http-nio-8088-exec-6] o.s.security.web.FilterChainProxy        : Securing GET /swagger-ui/swagger-initializer.js
2023-09-20T20:11:01.712+05:30 DEBUG 20144 --- [http-nio-8088-exec-4] o.s.security.web.FilterChainProxy        : Secured GET /swagger-ui/swagger-ui-bundle.js
2023-09-20T20:11:01.712+05:30 DEBUG 20144 --- [http-nio-8088-exec-5] o.s.s.w.a.AnonymousAuthenticationFilter  : Set SecurityContextHolder to anonymous SecurityContext
2023-09-20T20:11:01.715+05:30 DEBUG 20144 --- [http-nio-8088-exec-5] o.s.security.web.FilterChainProxy        : Secured GET /swagger-ui/swagger-ui-standalone-preset.js
2023-09-20T20:11:01.716+05:30 DEBUG 20144 --- [http-nio-8088-exec-6] o.s.s.w.a.AnonymousAuthenticationFilter  : Set SecurityContextHolder to anonymous SecurityContext
2023-09-20T20:11:01.718+05:30 DEBUG 20144 --- [http-nio-8088-exec-6] o.s.security.web.FilterChainProxy        : Secured GET /swagger-ui/swagger-initializer.js
2023-09-20T20:11:02.845+05:30 DEBUG 20144 --- [http-nio-8088-exec-7] o.s.security.web.FilterChainProxy        : Securing GET /v3/api-docs/swagger-config
2023-09-20T20:11:02.846+05:30 DEBUG 20144 --- [http-nio-8088-exec-7] o.s.s.w.a.AnonymousAuthenticationFilter  : Set SecurityContextHolder to anonymous SecurityContext
2023-09-20T20:11:02.850+05:30 DEBUG 20144 --- [http-nio-8088-exec-7] o.s.security.web.FilterChainProxy        : Secured GET /v3/api-docs/swagger-config
2023-09-20T20:11:02.857+05:30 DEBUG 20144 --- [http-nio-8088-exec-8] o.s.security.web.FilterChainProxy        : Securing GET /swagger-ui/favicon-32x32.png
2023-09-20T20:11:02.858+05:30 DEBUG 20144 --- [http-nio-8088-exec-8] o.s.s.w.a.AnonymousAuthenticationFilter  : Set SecurityContextHolder to anonymous SecurityContext
2023-09-20T20:11:02.859+05:30 DEBUG 20144 --- [http-nio-8088-exec-8] o.s.security.web.FilterChainProxy        : Secured GET /swagger-ui/favicon-32x32.png
2023-09-20T20:11:02.947+05:30 DEBUG 20144 --- [http-nio-8088-exec-9] o.s.security.web.FilterChainProxy        : Securing GET /v3/api-docs
2023-09-20T20:11:02.948+05:30 DEBUG 20144 --- [http-nio-8088-exec-9] o.s.s.w.a.AnonymousAuthenticationFilter  : Set SecurityContextHolder to anonymous SecurityContext
2023-09-20T20:11:02.951+05:30 DEBUG 20144 --- [http-nio-8088-exec-9] o.s.security.web.FilterChainProxy        : Secured GET /v3/api-docs
2023-09-20T20:11:04.575+05:30  INFO 20144 --- [http-nio-8088-exec-9] o.springdoc.api.AbstractOpenApiResource  : Init duration for springdoc-openapi is: 1597 ms
